<?xml version="1.0" encoding="UTF-8"?>
<!-- Generated by org.testng.reporters.JUnitReportReporter -->
<testsuite hostname="DESKTOP-NQA1DEB" failures="0" tests="1" name="com.qa.testscripts.TC_Hotel_001" time="95.658" errors="0" timestamp="2021-09-22T12:04:06 IST" skipped="0">
  <testcase classname="com.qa.testscripts.TC_Hotel_001" name="enterDetails" time="95.658"/>
  <system-out>
    <![CDATA[REVA ROOMS  7,469
The Westin Hyderabad Mindspace  18,080
Fresh Living Prime Hitech Hyderabad  5,350
Indesign Hitec City  14,889
Holiday Inn Express Hyderabad HITEC City  9,315
Siri Inn Dormitory  3,164
Swan Suites - Madhapur  3,885
Jaithri Service Apartment 2  4,039
SKYLA Serviced Apartments & Suites Hi-Tech City  7,364
Prestige Service Apartment  3,572]]>
  </system-out>
</testsuite> <!-- com.qa.testscripts.TC_Hotel_001 -->
