<?xml version="1.0" encoding="UTF-8"?>
<!-- Generated by org.testng.reporters.JUnitReportReporter -->
<testsuite hostname="DESKTOP-NQA1DEB" failures="0" tests="1" name="com.qa.testscripts.TC_TrainReservation_001" time="140.343" errors="0" timestamp="2021-09-24T10:25:10 IST" skipped="0">
  <testcase classname="com.qa.testscripts.TC_TrainReservation_001" name="reservationDetails" time="140.343"/>
  <system-out>
    <![CDATA[Module Url contains https://www.makemytrip.com/railways/
From Location is selected
To Location is selected
Class is selected
Module title is MakeMyTrip - Trains
Select Travellers page url has the word:https://railways.makemytrip.com/railways/review
Cancellation checkbox is not selected
Traveller is not selected
Payment Page Url has the word https://payments.makemytrip.com/ui/checkout/?id=561605802194261]]>
  </system-out>
</testsuite> <!-- com.qa.testscripts.TC_TrainReservation_001 -->
