<?xml version="1.0" encoding="UTF-8"?>
<!-- Generated by org.testng.reporters.JUnitReportReporter -->
<testsuite hostname="DESKTOP-NQA1DEB" failures="0" tests="1" name="com.qa.testscripts.TC_CabBooking_001" time="99.510" errors="0" timestamp="2021-09-24T10:28:39 IST" skipped="0">
  <testcase classname="com.qa.testscripts.TC_CabBooking_001" name="bookCab" time="99.510"/>
  <system-out/>
</testsuite> <!-- com.qa.testscripts.TC_CabBooking_001 -->
