<?xml version="1.0" encoding="UTF-8"?>
<!-- Generated by org.testng.reporters.JUnitReportReporter -->
<testsuite hostname="DESKTOP-NQA1DEB" failures="0" tests="1" name="com.qa.testscripts.TC_FlightReservation_001" time="127.467" errors="0" timestamp="2021-09-22T12:11:22 IST" skipped="0">
  <testcase classname="com.qa.testscripts.TC_FlightReservation_001" name="get" time="127.467"/>
  <system-out>
    <![CDATA[no]]>
  </system-out>
</testsuite> <!-- com.qa.testscripts.TC_FlightReservation_001 -->
