<?xml version="1.0" encoding="UTF-8"?>
<!-- Generated by org.testng.reporters.JUnitReportReporter -->
<testsuite hostname="DESKTOP-NQA1DEB" failures="0" tests="1" name="com.qa.testscripts.TC_BookVillasAndApt_01" time="133.481" errors="0" timestamp="2021-09-24T13:18:25 IST" skipped="0">
  <testcase classname="com.qa.testscripts.TC_BookVillasAndApt_01" name="bookVillasAndApartment" time="133.481"/>
  <system-out/>
</testsuite> <!-- com.qa.testscripts.TC_BookVillasAndApt_01 -->
