<?xml version="1.0" encoding="UTF-8"?>
<!-- Generated by org.testng.reporters.JUnitReportReporter -->
<testsuite hostname="DESKTOP-NQA1DEB" failures="0" tests="1" name="com.qa.testscripts.TC_SearchBuses_001" time="173.826" errors="0" timestamp="2021-09-23T19:17:17 IST" skipped="0">
  <testcase classname="com.qa.testscripts.TC_SearchBuses_001" name="searchBus" time="173.826"/>
  <system-out>
Search Button is clicked Selection of filters is completed Bus is available Seat is selected Entered into Traveller Page Navigated to home page  </system-out>
</testsuite> <!-- com.qa.testscripts.TC_SearchBuses_001 -->
